<?xml version="1.0" encoding="UTF-8"?>
<testng-results skipped="0" failed="0" ignored="0" total="1" passed="1">
  <reporter-output>
  </reporter-output>
  <suite name="Default suite" duration-ms="29509" started-at="2022-01-16T18:17:05Z" finished-at="2022-01-16T18:17:35Z">
    <groups>
    </groups>
    <test name="Default test" duration-ms="29509" started-at="2022-01-16T18:17:05Z" finished-at="2022-01-16T18:17:35Z">
      <class name="TestCases.DeliverooResturantTestCases">
        <test-method status="PASS" signature="setup()[pri:0, instance:TestCases.DeliverooResturantTestCases@2b98378d]" name="setup" is-config="true" duration-ms="14182" started-at="2022-01-16T18:17:05Z" finished-at="2022-01-16T18:17:19Z">
          <reporter-output>
          </reporter-output>
        </test-method> <!-- setup -->
        <test-method status="PASS" signature="CheckResturantDetails()[pri:0, instance:TestCases.DeliverooResturantTestCases@2b98378d]" name="CheckResturantDetails" duration-ms="14470" started-at="2022-01-16T18:17:19Z" finished-at="2022-01-16T18:17:34Z">
          <reporter-output>
          </reporter-output>
        </test-method> <!-- CheckResturantDetails -->
        <test-method status="PASS" signature="afterMethod()[pri:0, instance:TestCases.DeliverooResturantTestCases@2b98378d]" name="afterMethod" is-config="true" duration-ms="835" started-at="2022-01-16T18:17:34Z" finished-at="2022-01-16T18:17:35Z">
          <reporter-output>
          </reporter-output>
        </test-method> <!-- afterMethod -->
      </class> <!-- TestCases.DeliverooResturantTestCases -->
    </test> <!-- Default test -->
  </suite> <!-- Default suite -->
</testng-results>
